d:\italo di renzo\documents\projects\sage\sage\x64\release\vc140.pdb
d:\italo di renzo\documents\projects\sage\sage\x64\release\triangleobject.obj
d:\italo di renzo\documents\projects\sage\sage\x64\release\testmodel.obj
d:\italo di renzo\documents\projects\sage\sage\x64\release\shadermanager.obj
d:\italo di renzo\documents\projects\sage\sage\x64\release\scenenode.obj
d:\italo di renzo\documents\projects\sage\sage\x64\release\mygame.obj
d:\italo di renzo\documents\projects\sage\sage\x64\release\meshmanager.obj
d:\italo di renzo\documents\projects\sage\sage\x64\release\main.obj
d:\italo di renzo\documents\projects\sage\sage\x64\release\gpuprogram.obj
d:\italo di renzo\documents\projects\sage\sage\x64\release\glrenderer.obj
d:\italo di renzo\documents\projects\sage\sage\x64\release\game.obj
d:\italo di renzo\documents\projects\sage\sage\x64\release\d3drenderer.obj
d:\italo di renzo\documents\projects\sage\sage\x64\release\cubeobject.obj
d:\italo di renzo\documents\projects\sage\sage\x64\release\camera.obj
d:\italo di renzo\documents\projects\sage\x64\release\sage.exe
d:\italo di renzo\documents\projects\sage\x64\release\sage.ipdb
d:\italo di renzo\documents\projects\sage\x64\release\sage.iobj
d:\italo di renzo\documents\projects\sage\x64\release\sage.pdb
d:\italo di renzo\documents\projects\sage\sage\x64\release\sage.tlog\cl.command.1.tlog
d:\italo di renzo\documents\projects\sage\sage\x64\release\sage.tlog\cl.read.1.tlog
d:\italo di renzo\documents\projects\sage\sage\x64\release\sage.tlog\cl.write.1.tlog
d:\italo di renzo\documents\projects\sage\sage\x64\release\sage.tlog\link.command.1.tlog
d:\italo di renzo\documents\projects\sage\sage\x64\release\sage.tlog\link.read.1.tlog
d:\italo di renzo\documents\projects\sage\sage\x64\release\sage.tlog\link.write.1.tlog
