d:\italo di renzo\documents\projects\sage\sage\debug\vc140.pdb
d:\italo di renzo\documents\projects\sage\sage\debug\vc140.idb
d:\italo di renzo\documents\projects\sage\sage\debug\camera.obj
d:\italo di renzo\documents\projects\sage\sage\debug\cubeobject.obj
d:\italo di renzo\documents\projects\sage\sage\debug\d3drenderer.obj
d:\italo di renzo\documents\projects\sage\sage\debug\game.obj
d:\italo di renzo\documents\projects\sage\sage\debug\glrenderer.obj
d:\italo di renzo\documents\projects\sage\sage\debug\gpuprogram.obj
d:\italo di renzo\documents\projects\sage\sage\debug\main.obj
d:\italo di renzo\documents\projects\sage\sage\debug\meshmanager.obj
d:\italo di renzo\documents\projects\sage\sage\debug\mygame.obj
d:\italo di renzo\documents\projects\sage\sage\debug\scenenode.obj
d:\italo di renzo\documents\projects\sage\sage\debug\shadermanager.obj
d:\italo di renzo\documents\projects\sage\sage\debug\testmodel.obj
d:\italo di renzo\documents\projects\sage\sage\debug\triangleobject.obj
d:\italo di renzo\documents\projects\sage\debug\sage.ilk
d:\italo di renzo\documents\projects\sage\debug\sage.exe
d:\italo di renzo\documents\projects\sage\debug\sage.pdb
d:\italo di renzo\documents\projects\sage\sage\debug\sage.tlog\cl.command.1.tlog
d:\italo di renzo\documents\projects\sage\sage\debug\sage.tlog\cl.read.1.tlog
d:\italo di renzo\documents\projects\sage\sage\debug\sage.tlog\cl.write.1.tlog
d:\italo di renzo\documents\projects\sage\sage\debug\sage.tlog\link.command.1.tlog
d:\italo di renzo\documents\projects\sage\sage\debug\sage.tlog\link.read.1.tlog
d:\italo di renzo\documents\projects\sage\sage\debug\sage.tlog\link.write.1.tlog
